<?xml version="1.0" encoding="UTF-8"?>
<!-- Generated by org.testng.reporters.JUnitXMLReporter -->
<testsuite ignored="0" hostname="LAPTOP-NIRBPM1U" failures="0" tests="4" name="Default test" time="60.187" errors="0" timestamp="2021-10-03T23:32:58 BST">
  <testcase classname="com.answerdigital.qa.testcases.HomePageTest" name="HomePageTitleTest" time="0.027"/>
  <testcase classname="com.answerdigital.qa.testcases.HomePageTest" name="AnswerDigitalLogoImageTest" time="0.096"/>
  <testcase classname="com.answerdigital.qa.testcases.HomePageTest" name="VerifyOurServicesLinkTest" time="0.143"/>
  <testcase classname="com.answerdigital.qa.testcases.HomePageTest" name="VerifyCareerLinkTest" time="0.132"/>
</testsuite> <!-- Default test -->
