<?xml version="1.0" encoding="UTF-8"?>
<!-- Generated by org.testng.reporters.JUnitXMLReporter -->
<testsuite ignored="0" hostname="LAPTOP-NIRBPM1U" failures="0" tests="6" name="Answer digital website Test Cases" time="129.58" errors="0" timestamp="2021-10-03T23:36:34 BST">
  <testcase classname="com.answerdigital.qa.testcases.HomePageTest" name="HomePageTitleTest" time="0.026"/>
  <testcase classname="com.answerdigital.qa.testcases.HomePageTest" name="AnswerDigitalLogoImageTest" time="0.099"/>
  <testcase classname="com.answerdigital.qa.testcases.HomePageTest" name="VerifyOurServicesLinkTest" time="0.118"/>
  <testcase classname="com.answerdigital.qa.testcases.HomePageTest" name="VerifyCareerLinkTest" time="0.108"/>
  <testcase classname="com.answerdigital.qa.testcases.SearchJobPageTest" name="searchPageTitleTest" time="0.017"/>
  <testcase classname="com.answerdigital.qa.testcases.SearchJobPageTest" name="searchJobTest" time="17.509"/>
</testsuite> <!-- Answer digital website Test Cases -->
